# JRE version: OpenJDK Runtime Environment JBR-21.0.7+9-895.130-jcef (21.0.7+9) (build 21.0.7+9-b895.130)
# Java VM: OpenJDK 64-Bit Server VM JBR-21.0.7+9-895.130-jcef (21.0.7+9-b895.130, mixed mode, sharing, tiered, compressed oops, compressed class ptrs, g1 gc, windows-amd64)
GC Precious Log:
 CardTable entry size: 512
 Card Set container configuration: InlinePtr #cards 5 size 8 Array Of Cards #cards 12 size 40 Howl #buckets 4 coarsen threshold 1843 Howl Bitmap #cards 512 size 80 coarsen threshold 460 Card regions per heap region 1 cards per card region 2048
 CPUs: 12 total, 12 available
 Memory: 32692M
 Large Page Support: Disabled
 NUMA Support: Disabled
 Compressed Oops: Enabled (32-bit)
 Heap Region Size: 1M
 Heap Min Capacity: 128M
 Heap Initial Capacity: 128M
 Heap Max Capacity: 2G
 Pre-touch: Disabled
 Parallel Workers: 10
 Concurrent Workers: 3
 Concurrent Refinement Workers: 10
 Periodic GC: Disabled
Heap:
 garbage-first heap   total 131072K, used 54545K [0x0000000080000000, 0x0000000100000000)
  region size 1024K, 43 young (44032K), 0 survivors (0K)
 Metaspace       used 18592K, committed 19200K, reserved 1114112K
  class space    used 1984K, committed 2240K, reserved 1048576K
GC Heap History (15 events):
Event: 0.472 GC heap before
{Heap before GC invocations=0 (full 0):
 garbage-first heap   total 131072K, used 27648K [0x0000000080000000, 0x0000000100000000)
  region size 1024K, 23 young (23552K), 0 survivors (0K)
 Metaspace       used 8015K, committed 8320K, reserved 1114112K
  class space    used 1011K, committed 1152K, reserved 1048576K
}
Event: 0.476 GC heap after
{Heap after GC invocations=1 (full 0):
 garbage-first heap   total 131072K, used 9192K [0x0000000080000000, 0x0000000100000000)
  region size 1024K, 3 young (3072K), 3 survivors (3072K)
 Metaspace       used 8015K, committed 8320K, reserved 1114112K
  class space    used 1011K, committed 1152K, reserved 1048576K
}
Event: 8.081 GC heap before
{Heap before GC invocations=1 (full 0):
 garbage-first heap   total 131072K, used 37864K [0x0000000080000000, 0x0000000100000000)
  region size 1024K, 32 young (32768K), 3 survivors (3072K)
 Metaspace       used 17761K, committed 18240K, reserved 1114112K
  class space    used 2005K, committed 2240K, reserved 1048576K
}
Event: 8.084 GC heap after
{Heap after GC invocations=2 (full 0):
 garbage-first heap   total 131072K, used 13346K [0x0000000080000000, 0x0000000100000000)
  region size 1024K, 4 young (4096K), 4 survivors (4096K)
 Metaspace       used 17761K, committed 18240K, reserved 1114112K
  class space    used 2005K, committed 2240K, reserved 1048576K
}
Event: 3335.006 GC heap before
{Heap before GC invocations=2 (full 0):
 garbage-first heap   total 131072K, used 69666K [0x0000000080000000, 0x0000000100000000)
  region size 1024K, 59 young (60416K), 4 survivors (4096K)
 Metaspace       used 18340K, committed 18816K, reserved 1114112K
  class space    used 2015K, committed 2240K, reserved 1048576K
}
Event: 3335.008 GC heap after
{Heap after GC invocations=3 (full 0):
 garbage-first heap   total 131072K, used 13508K [0x0000000080000000, 0x0000000100000000)
  region size 1024K, 4 young (4096K), 4 survivors (4096K)
 Metaspace       used 18340K, committed 18816K, reserved 1114112K
  class space    used 2015K, committed 2240K, reserved 1048576K
}
Event: 3600.006 GC heap before
{Heap before GC invocations=3 (full 0):
 garbage-first heap   total 131072K, used 36036K [0x0000000080000000, 0x0000000100000000)
  region size 1024K, 27 young (27648K), 4 survivors (4096K)
 Metaspace       used 18468K, committed 18944K, reserved 1114112K
  class space    used 2020K, committed 2240K, reserved 1048576K
}
Event: 3600.017 GC heap after
{Heap after GC invocations=4 (full 1):
 garbage-first heap   total 131072K, used 11814K [0x0000000080000000, 0x0000000100000000)
  region size 1024K, 0 young (0K), 0 survivors (0K)
 Metaspace       used 18236K, committed 18944K, reserved 1114112K
  class space    used 1960K, committed 2240K, reserved 1048576K
}
Event: 7200.029 GC heap before
{Heap before GC invocations=4 (full 1):
 garbage-first heap   total 131072K, used 20006K [0x0000000080000000, 0x0000000100000000)
  region size 1024K, 9 young (9216K), 0 survivors (0K)
 Metaspace       used 18242K, committed 18944K, reserved 1114112K
  class space    used 1960K, committed 2240K, reserved 1048576K
}
Event: 7200.038 GC heap after
{Heap after GC invocations=5 (full 2):
 garbage-first heap   total 131072K, used 11796K [0x0000000080000000, 0x0000000100000000)
  region size 1024K, 0 young (0K), 0 survivors (0K)
 Metaspace       used 18242K, committed 18944K, reserved 1114112K
  class space    used 1960K, committed 2240K, reserved 1048576K
}
Event: 10800.045 GC heap before
{Heap before GC invocations=5 (full 2):
 garbage-first heap   total 131072K, used 17940K [0x0000000080000000, 0x0000000100000000)
  region size 1024K, 7 young (7168K), 0 survivors (0K)
 Metaspace       used 18253K, committed 18944K, reserved 1114112K
  class space    used 1960K, committed 2240K, reserved 1048576K
}
Event: 10800.055 GC heap after
{Heap after GC invocations=6 (full 3):
 garbage-first heap   total 131072K, used 11538K [0x0000000080000000, 0x0000000100000000)
  region size 1024K, 0 young (0K), 0 survivors (0K)
 Metaspace       used 18205K, committed 18944K, reserved 1114112K
  class space    used 1952K, committed 2240K, reserved 1048576K
}
Event: 14400.068 GC heap before
{Heap before GC invocations=6 (full 3):
 garbage-first heap   total 131072K, used 17682K [0x0000000080000000, 0x0000000100000000)
  region size 1024K, 7 young (7168K), 0 survivors (0K)
 Metaspace       used 18206K, committed 18944K, reserved 1114112K
  class space    used 1952K, committed 2240K, reserved 1048576K
}
Event: 14400.076 GC heap after
{Heap after GC invocations=7 (full 4):
 garbage-first heap   total 131072K, used 11537K [0x0000000080000000, 0x0000000100000000)
  region size 1024K, 0 young (0K), 0 survivors (0K)
 Metaspace       used 18206K, committed 18944K, reserved 1114112K
  class space    used 1952K, committed 2240K, reserved 1048576K
}
Event: 18000.081 GC heap before
{Heap before GC invocations=7 (full 4):
 garbage-first heap   total 131072K, used 54545K [0x0000000080000000, 0x0000000100000000)
  region size 1024K, 43 young (44032K), 0 survivors (0K)
 Metaspace       used 18592K, committed 19200K, reserved 1114112K
  class space    used 1984K, committed 2240K, reserved 1048576K
}

